[35m[1mConsolidate compiler generated dependencies of target slam_node[0m
[ 50%] [32mBuilding CXX object CMakeFiles/slam_node.dir/src/slam_localization.cpp.o[0m
[100%] [32m[1mLinking CXX executable slam_node[0m
[100%] Built target slam_node
-- Install configuration: ""
-- Execute custom install script
-- Up-to-date symlink: /home/deathstroke/Desktop/slam_ros/install/slam_localization/lib/slam_localization/slam_node
-- Up-to-date symlink: /home/deathstroke/Desktop/slam_ros/install/slam_localization/share/ament_index/resource_index/package_run_dependencies/slam_localization
-- Up-to-date symlink: /home/deathstroke/Desktop/slam_ros/install/slam_localization/share/ament_index/resource_index/parent_prefix_path/slam_localization
-- Up-to-date symlink: /home/deathstroke/Desktop/slam_ros/install/slam_localization/share/slam_localization/environment/ament_prefix_path.sh
-- Up-to-date symlink: /home/deathstroke/Desktop/slam_ros/install/slam_localization/share/slam_localization/environment/ament_prefix_path.dsv
-- Up-to-date symlink: /home/deathstroke/Desktop/slam_ros/install/slam_localization/share/slam_localization/environment/path.sh
-- Up-to-date symlink: /home/deathstroke/Desktop/slam_ros/install/slam_localization/share/slam_localization/environment/path.dsv
-- Up-to-date symlink: /home/deathstroke/Desktop/slam_ros/install/slam_localization/share/slam_localization/local_setup.bash
-- Up-to-date symlink: /home/deathstroke/Desktop/slam_ros/install/slam_localization/share/slam_localization/local_setup.sh
-- Up-to-date symlink: /home/deathstroke/Desktop/slam_ros/install/slam_localization/share/slam_localization/local_setup.zsh
-- Up-to-date symlink: /home/deathstroke/Desktop/slam_ros/install/slam_localization/share/slam_localization/local_setup.dsv
-- Symlinking: /home/deathstroke/Desktop/slam_ros/install/slam_localization/share/slam_localization/package.dsv
-- Up-to-date symlink: /home/deathstroke/Desktop/slam_ros/install/slam_localization/share/ament_index/resource_index/packages/slam_localization
-- Up-to-date symlink: /home/deathstroke/Desktop/slam_ros/install/slam_localization/share/slam_localization/cmake/slam_localizationConfig.cmake
-- Up-to-date symlink: /home/deathstroke/Desktop/slam_ros/install/slam_localization/share/slam_localization/cmake/slam_localizationConfig-version.cmake
-- Up-to-date symlink: /home/deathstroke/Desktop/slam_ros/install/slam_localization/share/slam_localization/package.xml
